[2024-12-16T00:00:01.736+0000] {taskinstance.py:1159} INFO - Dependencies all met for dep_context=non-requeueable deps ti=<TaskInstance: covid_data_pipeline.extract_data scheduled__2024-12-15T00:00:00+00:00 [queued]>
[2024-12-16T00:00:01.748+0000] {taskinstance.py:1159} INFO - Dependencies all met for dep_context=requeueable deps ti=<TaskInstance: covid_data_pipeline.extract_data scheduled__2024-12-15T00:00:00+00:00 [queued]>
[2024-12-16T00:00:01.748+0000] {taskinstance.py:1361} INFO - Starting attempt 1 of 2
[2024-12-16T00:00:01.765+0000] {taskinstance.py:1382} INFO - Executing <Task(PythonOperator): extract_data> on 2024-12-15 00:00:00+00:00
[2024-12-16T00:00:01.770+0000] {standard_task_runner.py:57} INFO - Started process 491 to run task
[2024-12-16T00:00:01.775+0000] {standard_task_runner.py:84} INFO - Running: ['***', 'tasks', 'run', 'covid_data_pipeline', 'extract_data', 'scheduled__2024-12-15T00:00:00+00:00', '--job-id', '22', '--raw', '--subdir', 'DAGS_FOLDER/covid_pipeline_dag.py', '--cfg-path', '/tmp/tmpv37u2xr0']
[2024-12-16T00:00:01.778+0000] {standard_task_runner.py:85} INFO - Job 22: Subtask extract_data
[2024-12-16T00:00:01.852+0000] {task_command.py:416} INFO - Running <TaskInstance: covid_data_pipeline.extract_data scheduled__2024-12-15T00:00:00+00:00 [running]> on host 6cd16bdff3c4
[2024-12-16T00:00:01.977+0000] {taskinstance.py:1662} INFO - Exporting env vars: AIRFLOW_CTX_DAG_EMAIL='ctw2012105@@gmail.com' AIRFLOW_CTX_DAG_OWNER='***' AIRFLOW_CTX_DAG_ID='covid_data_pipeline' AIRFLOW_CTX_TASK_ID='extract_data' AIRFLOW_CTX_EXECUTION_DATE='2024-12-15T00:00:00+00:00' AIRFLOW_CTX_TRY_NUMBER='1' AIRFLOW_CTX_DAG_RUN_ID='scheduled__2024-12-15T00:00:00+00:00'
[2024-12-16T00:00:01.978+0000] {covid_extractor.py:42} INFO - Fetching countries data from https://disease.sh/v3/covid-19/countries
[2024-12-16T00:00:02.761+0000] {covid_extractor.py:62} INFO - Raw data saved to raw_data/covid_countries_20241216_000002.json
[2024-12-16T00:00:02.765+0000] {covid_extractor.py:67} INFO - Transforming raw data into DataFrame
[2024-12-16T00:00:02.802+0000] {python.py:194} INFO - Done. Returned value was: Data extraction completed
[2024-12-16T00:00:02.833+0000] {taskinstance.py:1400} INFO - Marking task as SUCCESS. dag_id=covid_data_pipeline, task_id=extract_data, execution_date=20241215T000000, start_date=20241216T000001, end_date=20241216T000002
[2024-12-16T00:00:02.858+0000] {local_task_job_runner.py:228} INFO - Task exited with return code 0
[2024-12-16T00:00:02.894+0000] {taskinstance.py:2778} INFO - 1 downstream tasks scheduled from follow-on schedule check
[2024-12-16T20:18:18.648+0000] {taskinstance.py:1159} INFO - Dependencies all met for dep_context=non-requeueable deps ti=<TaskInstance: covid_data_pipeline.extract_data scheduled__2024-12-15T00:00:00+00:00 [queued]>
[2024-12-16T20:18:18.662+0000] {taskinstance.py:1159} INFO - Dependencies all met for dep_context=requeueable deps ti=<TaskInstance: covid_data_pipeline.extract_data scheduled__2024-12-15T00:00:00+00:00 [queued]>
[2024-12-16T20:18:18.662+0000] {taskinstance.py:1361} INFO - Starting attempt 1 of 2
[2024-12-16T20:18:18.690+0000] {taskinstance.py:1382} INFO - Executing <Task(PythonOperator): extract_data> on 2024-12-15 00:00:00+00:00
[2024-12-16T20:18:18.701+0000] {standard_task_runner.py:57} INFO - Started process 194 to run task
[2024-12-16T20:18:18.711+0000] {standard_task_runner.py:84} INFO - Running: ['***', 'tasks', 'run', 'covid_data_pipeline', 'extract_data', 'scheduled__2024-12-15T00:00:00+00:00', '--job-id', '6', '--raw', '--subdir', 'DAGS_FOLDER/covid_pipeline_dag.py', '--cfg-path', '/tmp/tmp3xdtc1gn']
[2024-12-16T20:18:18.722+0000] {standard_task_runner.py:85} INFO - Job 6: Subtask extract_data
[2024-12-16T20:18:18.871+0000] {task_command.py:416} INFO - Running <TaskInstance: covid_data_pipeline.extract_data scheduled__2024-12-15T00:00:00+00:00 [running]> on host 6c524df05549
[2024-12-16T20:18:19.057+0000] {taskinstance.py:1662} INFO - Exporting env vars: AIRFLOW_CTX_DAG_EMAIL='ctw2012105@@gmail.com' AIRFLOW_CTX_DAG_OWNER='***' AIRFLOW_CTX_DAG_ID='covid_data_pipeline' AIRFLOW_CTX_TASK_ID='extract_data' AIRFLOW_CTX_EXECUTION_DATE='2024-12-15T00:00:00+00:00' AIRFLOW_CTX_TRY_NUMBER='1' AIRFLOW_CTX_DAG_RUN_ID='scheduled__2024-12-15T00:00:00+00:00'
[2024-12-16T20:18:19.061+0000] {covid_extractor.py:42} INFO - Fetching countries data from https://disease.sh/v3/covid-19/countries
[2024-12-16T20:18:19.961+0000] {covid_extractor.py:62} INFO - Raw data saved to raw_data/covid_countries_20241216_201819.json
[2024-12-16T20:18:19.972+0000] {covid_extractor.py:67} INFO - Transforming raw data into DataFrame
[2024-12-16T20:18:20.054+0000] {python.py:194} INFO - Done. Returned value was: Data extraction completed
[2024-12-16T20:18:20.108+0000] {taskinstance.py:1400} INFO - Marking task as SUCCESS. dag_id=covid_data_pipeline, task_id=extract_data, execution_date=20241215T000000, start_date=20241216T201818, end_date=20241216T201820
[2024-12-16T20:18:20.161+0000] {local_task_job_runner.py:228} INFO - Task exited with return code 0
[2024-12-16T20:18:20.233+0000] {taskinstance.py:2778} INFO - 1 downstream tasks scheduled from follow-on schedule check
