[2024-12-17T00:01:34.143+0000] {taskinstance.py:1159} INFO - Dependencies all met for dep_context=non-requeueable deps ti=<TaskInstance: covid_data_pipeline.store_data scheduled__2024-12-16T00:00:00+00:00 [queued]>
[2024-12-17T00:01:34.154+0000] {taskinstance.py:1159} INFO - Dependencies all met for dep_context=requeueable deps ti=<TaskInstance: covid_data_pipeline.store_data scheduled__2024-12-16T00:00:00+00:00 [queued]>
[2024-12-17T00:01:34.155+0000] {taskinstance.py:1361} INFO - Starting attempt 1 of 2
[2024-12-17T00:01:34.170+0000] {taskinstance.py:1382} INFO - Executing <Task(PythonOperator): store_data> on 2024-12-16 00:00:00+00:00
[2024-12-17T00:01:34.175+0000] {standard_task_runner.py:57} INFO - Started process 2534 to run task
[2024-12-17T00:01:34.179+0000] {standard_task_runner.py:84} INFO - Running: ['***', 'tasks', 'run', 'covid_data_pipeline', 'store_data', 'scheduled__2024-12-16T00:00:00+00:00', '--job-id', '31', '--raw', '--subdir', 'DAGS_FOLDER/covid_pipeline_dag.py', '--cfg-path', '/tmp/tmpqpo63o2z']
[2024-12-17T00:01:34.182+0000] {standard_task_runner.py:85} INFO - Job 31: Subtask store_data
[2024-12-17T00:01:34.248+0000] {task_command.py:416} INFO - Running <TaskInstance: covid_data_pipeline.store_data scheduled__2024-12-16T00:00:00+00:00 [running]> on host 6c524df05549
[2024-12-17T00:01:34.380+0000] {taskinstance.py:1662} INFO - Exporting env vars: AIRFLOW_CTX_DAG_EMAIL='ctw2012105@@gmail.com' AIRFLOW_CTX_DAG_OWNER='***' AIRFLOW_CTX_DAG_ID='covid_data_pipeline' AIRFLOW_CTX_TASK_ID='store_data' AIRFLOW_CTX_EXECUTION_DATE='2024-12-16T00:00:00+00:00' AIRFLOW_CTX_TRY_NUMBER='1' AIRFLOW_CTX_DAG_RUN_ID='scheduled__2024-12-16T00:00:00+00:00'
[2024-12-17T00:01:34.435+0000] {data_warehouse.py:50} INFO - Database tables initialized successfully
[2024-12-17T00:01:34.436+0000] {data_warehouse.py:66} INFO - Saving data to warehouse table: covid_daily_stats
[2024-12-17T00:01:34.476+0000] {data_warehouse.py:92} INFO - Successfully saved 231 records to covid_daily_stats
[2024-12-17T00:01:34.477+0000] {python.py:194} INFO - Done. Returned value was: Data stored successfully
[2024-12-17T00:01:34.511+0000] {taskinstance.py:1400} INFO - Marking task as SUCCESS. dag_id=covid_data_pipeline, task_id=store_data, execution_date=20241216T000000, start_date=20241217T000134, end_date=20241217T000134
[2024-12-17T00:01:34.564+0000] {local_task_job_runner.py:228} INFO - Task exited with return code 0
[2024-12-17T00:01:34.587+0000] {taskinstance.py:2778} INFO - 0 downstream tasks scheduled from follow-on schedule check
[2024-12-17T15:47:37.023+0000] {taskinstance.py:1159} INFO - Dependencies all met for dep_context=non-requeueable deps ti=<TaskInstance: covid_data_pipeline.store_data scheduled__2024-12-16T00:00:00+00:00 [queued]>
[2024-12-17T15:47:37.037+0000] {taskinstance.py:1159} INFO - Dependencies all met for dep_context=requeueable deps ti=<TaskInstance: covid_data_pipeline.store_data scheduled__2024-12-16T00:00:00+00:00 [queued]>
[2024-12-17T15:47:37.038+0000] {taskinstance.py:1361} INFO - Starting attempt 1 of 2
[2024-12-17T15:47:37.058+0000] {taskinstance.py:1382} INFO - Executing <Task(PythonOperator): store_data> on 2024-12-16 00:00:00+00:00
[2024-12-17T15:47:37.063+0000] {standard_task_runner.py:57} INFO - Started process 272 to run task
[2024-12-17T15:47:37.068+0000] {standard_task_runner.py:84} INFO - Running: ['***', 'tasks', 'run', 'covid_data_pipeline', 'store_data', 'scheduled__2024-12-16T00:00:00+00:00', '--job-id', '17', '--raw', '--subdir', 'DAGS_FOLDER/covid_pipeline_dag.py', '--cfg-path', '/tmp/tmp371e8w1j']
[2024-12-17T15:47:37.071+0000] {standard_task_runner.py:85} INFO - Job 17: Subtask store_data
[2024-12-17T15:47:37.150+0000] {task_command.py:416} INFO - Running <TaskInstance: covid_data_pipeline.store_data scheduled__2024-12-16T00:00:00+00:00 [running]> on host bee46ca94d16
[2024-12-17T15:47:37.271+0000] {taskinstance.py:1662} INFO - Exporting env vars: AIRFLOW_CTX_DAG_EMAIL='ctw2012105@@gmail.com' AIRFLOW_CTX_DAG_OWNER='***' AIRFLOW_CTX_DAG_ID='covid_data_pipeline' AIRFLOW_CTX_TASK_ID='store_data' AIRFLOW_CTX_EXECUTION_DATE='2024-12-16T00:00:00+00:00' AIRFLOW_CTX_TRY_NUMBER='1' AIRFLOW_CTX_DAG_RUN_ID='scheduled__2024-12-16T00:00:00+00:00'
[2024-12-17T15:47:37.327+0000] {data_warehouse.py:50} INFO - Database tables initialized successfully
[2024-12-17T15:47:37.327+0000] {data_warehouse.py:66} INFO - Saving data to warehouse table: covid_daily_stats
[2024-12-17T15:47:37.380+0000] {data_warehouse.py:92} INFO - Successfully saved 231 records to covid_daily_stats
[2024-12-17T15:47:37.380+0000] {python.py:194} INFO - Done. Returned value was: Data stored successfully
[2024-12-17T15:47:37.420+0000] {taskinstance.py:1400} INFO - Marking task as SUCCESS. dag_id=covid_data_pipeline, task_id=store_data, execution_date=20241216T000000, start_date=20241217T154737, end_date=20241217T154737
[2024-12-17T15:47:37.453+0000] {local_task_job_runner.py:228} INFO - Task exited with return code 0
[2024-12-17T15:47:37.478+0000] {taskinstance.py:2778} INFO - 0 downstream tasks scheduled from follow-on schedule check
