[2024-12-16T00:00:04.684+0000] {taskinstance.py:1159} INFO - Dependencies all met for dep_context=non-requeueable deps ti=<TaskInstance: covid_data_pipeline.process_data scheduled__2024-12-15T00:00:00+00:00 [queued]>
[2024-12-16T00:00:04.695+0000] {taskinstance.py:1159} INFO - Dependencies all met for dep_context=requeueable deps ti=<TaskInstance: covid_data_pipeline.process_data scheduled__2024-12-15T00:00:00+00:00 [queued]>
[2024-12-16T00:00:04.696+0000] {taskinstance.py:1361} INFO - Starting attempt 1 of 2
[2024-12-16T00:00:04.711+0000] {taskinstance.py:1382} INFO - Executing <Task(PythonOperator): process_data> on 2024-12-15 00:00:00+00:00
[2024-12-16T00:00:04.717+0000] {standard_task_runner.py:57} INFO - Started process 494 to run task
[2024-12-16T00:00:04.720+0000] {standard_task_runner.py:84} INFO - Running: ['***', 'tasks', 'run', 'covid_data_pipeline', 'process_data', 'scheduled__2024-12-15T00:00:00+00:00', '--job-id', '23', '--raw', '--subdir', 'DAGS_FOLDER/covid_pipeline_dag.py', '--cfg-path', '/tmp/tmp7n_lj_hb']
[2024-12-16T00:00:04.724+0000] {standard_task_runner.py:85} INFO - Job 23: Subtask process_data
[2024-12-16T00:00:04.810+0000] {task_command.py:416} INFO - Running <TaskInstance: covid_data_pipeline.process_data scheduled__2024-12-15T00:00:00+00:00 [running]> on host 6cd16bdff3c4
[2024-12-16T00:00:04.942+0000] {taskinstance.py:1662} INFO - Exporting env vars: AIRFLOW_CTX_DAG_EMAIL='ctw2012105@@gmail.com' AIRFLOW_CTX_DAG_OWNER='***' AIRFLOW_CTX_DAG_ID='covid_data_pipeline' AIRFLOW_CTX_TASK_ID='process_data' AIRFLOW_CTX_EXECUTION_DATE='2024-12-15T00:00:00+00:00' AIRFLOW_CTX_TRY_NUMBER='1' AIRFLOW_CTX_DAG_RUN_ID='scheduled__2024-12-15T00:00:00+00:00'
[2024-12-16T00:00:04.979+0000] {covid_processor.py:15} INFO - Cleaning data
[2024-12-16T00:00:04.984+0000] {covid_processor.py:39} INFO - Calculating additional metrics
[2024-12-16T00:00:04.989+0000] {covid_processor.py:61} INFO - Aggregating data
[2024-12-16T00:00:05.022+0000] {python.py:194} INFO - Done. Returned value was: Data processing completed
[2024-12-16T00:00:05.054+0000] {taskinstance.py:1400} INFO - Marking task as SUCCESS. dag_id=covid_data_pipeline, task_id=process_data, execution_date=20241215T000000, start_date=20241216T000004, end_date=20241216T000005
[2024-12-16T00:00:05.108+0000] {local_task_job_runner.py:228} INFO - Task exited with return code 0
[2024-12-16T00:00:05.142+0000] {taskinstance.py:2778} INFO - 1 downstream tasks scheduled from follow-on schedule check
[2024-12-16T20:18:22.204+0000] {taskinstance.py:1159} INFO - Dependencies all met for dep_context=non-requeueable deps ti=<TaskInstance: covid_data_pipeline.process_data scheduled__2024-12-15T00:00:00+00:00 [queued]>
[2024-12-16T20:18:22.216+0000] {taskinstance.py:1159} INFO - Dependencies all met for dep_context=requeueable deps ti=<TaskInstance: covid_data_pipeline.process_data scheduled__2024-12-15T00:00:00+00:00 [queued]>
[2024-12-16T20:18:22.220+0000] {taskinstance.py:1361} INFO - Starting attempt 1 of 2
[2024-12-16T20:18:22.241+0000] {taskinstance.py:1382} INFO - Executing <Task(PythonOperator): process_data> on 2024-12-15 00:00:00+00:00
[2024-12-16T20:18:22.252+0000] {standard_task_runner.py:57} INFO - Started process 208 to run task
[2024-12-16T20:18:22.256+0000] {standard_task_runner.py:84} INFO - Running: ['***', 'tasks', 'run', 'covid_data_pipeline', 'process_data', 'scheduled__2024-12-15T00:00:00+00:00', '--job-id', '9', '--raw', '--subdir', 'DAGS_FOLDER/covid_pipeline_dag.py', '--cfg-path', '/tmp/tmpssb83ldg']
[2024-12-16T20:18:22.261+0000] {standard_task_runner.py:85} INFO - Job 9: Subtask process_data
[2024-12-16T20:18:22.358+0000] {task_command.py:416} INFO - Running <TaskInstance: covid_data_pipeline.process_data scheduled__2024-12-15T00:00:00+00:00 [running]> on host 6c524df05549
[2024-12-16T20:18:22.494+0000] {taskinstance.py:1662} INFO - Exporting env vars: AIRFLOW_CTX_DAG_EMAIL='ctw2012105@@gmail.com' AIRFLOW_CTX_DAG_OWNER='***' AIRFLOW_CTX_DAG_ID='covid_data_pipeline' AIRFLOW_CTX_TASK_ID='process_data' AIRFLOW_CTX_EXECUTION_DATE='2024-12-15T00:00:00+00:00' AIRFLOW_CTX_TRY_NUMBER='1' AIRFLOW_CTX_DAG_RUN_ID='scheduled__2024-12-15T00:00:00+00:00'
[2024-12-16T20:18:22.542+0000] {covid_processor.py:15} INFO - Cleaning data
[2024-12-16T20:18:22.550+0000] {covid_processor.py:39} INFO - Calculating additional metrics
[2024-12-16T20:18:22.554+0000] {covid_processor.py:61} INFO - Aggregating data
[2024-12-16T20:18:22.594+0000] {python.py:194} INFO - Done. Returned value was: Data processing completed
[2024-12-16T20:18:22.637+0000] {taskinstance.py:1400} INFO - Marking task as SUCCESS. dag_id=covid_data_pipeline, task_id=process_data, execution_date=20241215T000000, start_date=20241216T201822, end_date=20241216T201822
[2024-12-16T20:18:22.683+0000] {local_task_job_runner.py:228} INFO - Task exited with return code 0
[2024-12-16T20:18:22.737+0000] {taskinstance.py:2778} INFO - 1 downstream tasks scheduled from follow-on schedule check
