[2024-12-17T00:01:28.575+0000] {taskinstance.py:1159} INFO - Dependencies all met for dep_context=non-requeueable deps ti=<TaskInstance: covid_data_pipeline.extract_data scheduled__2024-12-16T00:00:00+00:00 [queued]>
[2024-12-17T00:01:28.594+0000] {taskinstance.py:1159} INFO - Dependencies all met for dep_context=requeueable deps ti=<TaskInstance: covid_data_pipeline.extract_data scheduled__2024-12-16T00:00:00+00:00 [queued]>
[2024-12-17T00:01:28.596+0000] {taskinstance.py:1361} INFO - Starting attempt 1 of 2
[2024-12-17T00:01:28.627+0000] {taskinstance.py:1382} INFO - Executing <Task(PythonOperator): extract_data> on 2024-12-16 00:00:00+00:00
[2024-12-17T00:01:28.636+0000] {standard_task_runner.py:57} INFO - Started process 2523 to run task
[2024-12-17T00:01:28.641+0000] {standard_task_runner.py:84} INFO - Running: ['***', 'tasks', 'run', 'covid_data_pipeline', 'extract_data', 'scheduled__2024-12-16T00:00:00+00:00', '--job-id', '27', '--raw', '--subdir', 'DAGS_FOLDER/covid_pipeline_dag.py', '--cfg-path', '/tmp/tmplzwf0c8n']
[2024-12-17T00:01:28.645+0000] {standard_task_runner.py:85} INFO - Job 27: Subtask extract_data
[2024-12-17T00:01:28.770+0000] {task_command.py:416} INFO - Running <TaskInstance: covid_data_pipeline.extract_data scheduled__2024-12-16T00:00:00+00:00 [running]> on host 6c524df05549
[2024-12-17T00:01:28.982+0000] {taskinstance.py:1662} INFO - Exporting env vars: AIRFLOW_CTX_DAG_EMAIL='ctw2012105@@gmail.com' AIRFLOW_CTX_DAG_OWNER='***' AIRFLOW_CTX_DAG_ID='covid_data_pipeline' AIRFLOW_CTX_TASK_ID='extract_data' AIRFLOW_CTX_EXECUTION_DATE='2024-12-16T00:00:00+00:00' AIRFLOW_CTX_TRY_NUMBER='1' AIRFLOW_CTX_DAG_RUN_ID='scheduled__2024-12-16T00:00:00+00:00'
[2024-12-17T00:01:28.984+0000] {covid_extractor.py:42} INFO - Fetching countries data from https://disease.sh/v3/covid-19/countries
[2024-12-17T00:01:29.809+0000] {covid_extractor.py:62} INFO - Raw data saved to raw_data/covid_countries_20241217_000129.json
[2024-12-17T00:01:29.814+0000] {covid_extractor.py:67} INFO - Transforming raw data into DataFrame
[2024-12-17T00:01:29.863+0000] {python.py:194} INFO - Done. Returned value was: Data extraction completed
[2024-12-17T00:01:29.899+0000] {taskinstance.py:1400} INFO - Marking task as SUCCESS. dag_id=covid_data_pipeline, task_id=extract_data, execution_date=20241216T000000, start_date=20241217T000128, end_date=20241217T000129
[2024-12-17T00:01:29.931+0000] {local_task_job_runner.py:228} INFO - Task exited with return code 0
[2024-12-17T00:01:29.971+0000] {taskinstance.py:2778} INFO - 1 downstream tasks scheduled from follow-on schedule check
[2024-12-17T15:47:30.785+0000] {taskinstance.py:1159} INFO - Dependencies all met for dep_context=non-requeueable deps ti=<TaskInstance: covid_data_pipeline.extract_data scheduled__2024-12-16T00:00:00+00:00 [queued]>
[2024-12-17T15:47:30.803+0000] {taskinstance.py:1159} INFO - Dependencies all met for dep_context=requeueable deps ti=<TaskInstance: covid_data_pipeline.extract_data scheduled__2024-12-16T00:00:00+00:00 [queued]>
[2024-12-17T15:47:30.803+0000] {taskinstance.py:1361} INFO - Starting attempt 1 of 2
[2024-12-17T15:47:30.829+0000] {taskinstance.py:1382} INFO - Executing <Task(PythonOperator): extract_data> on 2024-12-16 00:00:00+00:00
[2024-12-17T15:47:30.840+0000] {standard_task_runner.py:57} INFO - Started process 232 to run task
[2024-12-17T15:47:30.845+0000] {standard_task_runner.py:84} INFO - Running: ['***', 'tasks', 'run', 'covid_data_pipeline', 'extract_data', 'scheduled__2024-12-16T00:00:00+00:00', '--job-id', '4', '--raw', '--subdir', 'DAGS_FOLDER/covid_pipeline_dag.py', '--cfg-path', '/tmp/tmpfueph1yb']
[2024-12-17T15:47:30.852+0000] {standard_task_runner.py:85} INFO - Job 4: Subtask extract_data
[2024-12-17T15:47:31.014+0000] {task_command.py:416} INFO - Running <TaskInstance: covid_data_pipeline.extract_data scheduled__2024-12-16T00:00:00+00:00 [running]> on host bee46ca94d16
[2024-12-17T15:47:31.226+0000] {taskinstance.py:1662} INFO - Exporting env vars: AIRFLOW_CTX_DAG_EMAIL='ctw2012105@@gmail.com' AIRFLOW_CTX_DAG_OWNER='***' AIRFLOW_CTX_DAG_ID='covid_data_pipeline' AIRFLOW_CTX_TASK_ID='extract_data' AIRFLOW_CTX_EXECUTION_DATE='2024-12-16T00:00:00+00:00' AIRFLOW_CTX_TRY_NUMBER='1' AIRFLOW_CTX_DAG_RUN_ID='scheduled__2024-12-16T00:00:00+00:00'
[2024-12-17T15:47:31.231+0000] {covid_extractor.py:42} INFO - Fetching countries data from https://disease.sh/v3/covid-19/countries
[2024-12-17T15:47:32.327+0000] {covid_extractor.py:62} INFO - Raw data saved to raw_data/covid_countries_20241217_154732.json
[2024-12-17T15:47:32.331+0000] {covid_extractor.py:67} INFO - Transforming raw data into DataFrame
[2024-12-17T15:47:32.400+0000] {python.py:194} INFO - Done. Returned value was: Data extraction completed
[2024-12-17T15:47:32.474+0000] {taskinstance.py:1400} INFO - Marking task as SUCCESS. dag_id=covid_data_pipeline, task_id=extract_data, execution_date=20241216T000000, start_date=20241217T154730, end_date=20241217T154732
[2024-12-17T15:47:32.540+0000] {local_task_job_runner.py:228} INFO - Task exited with return code 0
[2024-12-17T15:47:32.595+0000] {taskinstance.py:2778} INFO - 1 downstream tasks scheduled from follow-on schedule check
