[2024-12-17T00:01:31.407+0000] {taskinstance.py:1159} INFO - Dependencies all met for dep_context=non-requeueable deps ti=<TaskInstance: covid_data_pipeline.process_data scheduled__2024-12-16T00:00:00+00:00 [queued]>
[2024-12-17T00:01:31.420+0000] {taskinstance.py:1159} INFO - Dependencies all met for dep_context=requeueable deps ti=<TaskInstance: covid_data_pipeline.process_data scheduled__2024-12-16T00:00:00+00:00 [queued]>
[2024-12-17T00:01:31.420+0000] {taskinstance.py:1361} INFO - Starting attempt 1 of 2
[2024-12-17T00:01:31.436+0000] {taskinstance.py:1382} INFO - Executing <Task(PythonOperator): process_data> on 2024-12-16 00:00:00+00:00
[2024-12-17T00:01:31.441+0000] {standard_task_runner.py:57} INFO - Started process 2528 to run task
[2024-12-17T00:01:31.445+0000] {standard_task_runner.py:84} INFO - Running: ['***', 'tasks', 'run', 'covid_data_pipeline', 'process_data', 'scheduled__2024-12-16T00:00:00+00:00', '--job-id', '28', '--raw', '--subdir', 'DAGS_FOLDER/covid_pipeline_dag.py', '--cfg-path', '/tmp/tmpz3ykwdp9']
[2024-12-17T00:01:31.449+0000] {standard_task_runner.py:85} INFO - Job 28: Subtask process_data
[2024-12-17T00:01:31.519+0000] {task_command.py:416} INFO - Running <TaskInstance: covid_data_pipeline.process_data scheduled__2024-12-16T00:00:00+00:00 [running]> on host 6c524df05549
[2024-12-17T00:01:31.626+0000] {taskinstance.py:1662} INFO - Exporting env vars: AIRFLOW_CTX_DAG_EMAIL='ctw2012105@@gmail.com' AIRFLOW_CTX_DAG_OWNER='***' AIRFLOW_CTX_DAG_ID='covid_data_pipeline' AIRFLOW_CTX_TASK_ID='process_data' AIRFLOW_CTX_EXECUTION_DATE='2024-12-16T00:00:00+00:00' AIRFLOW_CTX_TRY_NUMBER='1' AIRFLOW_CTX_DAG_RUN_ID='scheduled__2024-12-16T00:00:00+00:00'
[2024-12-17T00:01:31.661+0000] {covid_processor.py:15} INFO - Cleaning data
[2024-12-17T00:01:31.666+0000] {covid_processor.py:39} INFO - Calculating additional metrics
[2024-12-17T00:01:31.670+0000] {covid_processor.py:61} INFO - Aggregating data
[2024-12-17T00:01:31.700+0000] {python.py:194} INFO - Done. Returned value was: Data processing completed
[2024-12-17T00:01:31.729+0000] {taskinstance.py:1400} INFO - Marking task as SUCCESS. dag_id=covid_data_pipeline, task_id=process_data, execution_date=20241216T000000, start_date=20241217T000131, end_date=20241217T000131
[2024-12-17T00:01:31.751+0000] {local_task_job_runner.py:228} INFO - Task exited with return code 0
[2024-12-17T00:01:31.783+0000] {taskinstance.py:2778} INFO - 1 downstream tasks scheduled from follow-on schedule check
[2024-12-17T15:47:34.034+0000] {taskinstance.py:1159} INFO - Dependencies all met for dep_context=non-requeueable deps ti=<TaskInstance: covid_data_pipeline.process_data scheduled__2024-12-16T00:00:00+00:00 [queued]>
[2024-12-17T15:47:34.046+0000] {taskinstance.py:1159} INFO - Dependencies all met for dep_context=requeueable deps ti=<TaskInstance: covid_data_pipeline.process_data scheduled__2024-12-16T00:00:00+00:00 [queued]>
[2024-12-17T15:47:34.047+0000] {taskinstance.py:1361} INFO - Starting attempt 1 of 2
[2024-12-17T15:47:34.063+0000] {taskinstance.py:1382} INFO - Executing <Task(PythonOperator): process_data> on 2024-12-16 00:00:00+00:00
[2024-12-17T15:47:34.069+0000] {standard_task_runner.py:57} INFO - Started process 246 to run task
[2024-12-17T15:47:34.074+0000] {standard_task_runner.py:84} INFO - Running: ['***', 'tasks', 'run', 'covid_data_pipeline', 'process_data', 'scheduled__2024-12-16T00:00:00+00:00', '--job-id', '6', '--raw', '--subdir', 'DAGS_FOLDER/covid_pipeline_dag.py', '--cfg-path', '/tmp/tmpys_ja7pa']
[2024-12-17T15:47:34.078+0000] {standard_task_runner.py:85} INFO - Job 6: Subtask process_data
[2024-12-17T15:47:34.169+0000] {task_command.py:416} INFO - Running <TaskInstance: covid_data_pipeline.process_data scheduled__2024-12-16T00:00:00+00:00 [running]> on host bee46ca94d16
[2024-12-17T15:47:34.345+0000] {taskinstance.py:1662} INFO - Exporting env vars: AIRFLOW_CTX_DAG_EMAIL='ctw2012105@@gmail.com' AIRFLOW_CTX_DAG_OWNER='***' AIRFLOW_CTX_DAG_ID='covid_data_pipeline' AIRFLOW_CTX_TASK_ID='process_data' AIRFLOW_CTX_EXECUTION_DATE='2024-12-16T00:00:00+00:00' AIRFLOW_CTX_TRY_NUMBER='1' AIRFLOW_CTX_DAG_RUN_ID='scheduled__2024-12-16T00:00:00+00:00'
[2024-12-17T15:47:34.397+0000] {covid_processor.py:15} INFO - Cleaning data
[2024-12-17T15:47:34.404+0000] {covid_processor.py:39} INFO - Calculating additional metrics
[2024-12-17T15:47:34.410+0000] {covid_processor.py:61} INFO - Aggregating data
[2024-12-17T15:47:34.467+0000] {python.py:194} INFO - Done. Returned value was: Data processing completed
[2024-12-17T15:47:34.505+0000] {taskinstance.py:1400} INFO - Marking task as SUCCESS. dag_id=covid_data_pipeline, task_id=process_data, execution_date=20241216T000000, start_date=20241217T154734, end_date=20241217T154734
[2024-12-17T15:47:34.541+0000] {local_task_job_runner.py:228} INFO - Task exited with return code 0
[2024-12-17T15:47:34.582+0000] {taskinstance.py:2778} INFO - 1 downstream tasks scheduled from follow-on schedule check
